<?xml version="1.0" encoding="UTF-8"?>
<!-- Generated by org.testng.reporters.JUnitReportReporter -->
<testsuite hostname="YMS" failures="0" tests="1" name="Test.LoginTest" time="23.807" errors="0" timestamp="2023-07-18T13:34:14 IST" skipped="0">
  <testcase classname="Test.LoginTest" name="verifyLoginWithValidCred" time="23.807"/>
</testsuite> <!-- Test.LoginTest -->
